[debug] [2018-12-19T17:43:47.570Z] ----------------------------------------------------------------------
[debug] [2018-12-19T17:43:47.573Z] Command:       /usr/bin/node /usr/bin/firebase deploy
[debug] [2018-12-19T17:43:47.573Z] CLI Version:   4.2.1
[debug] [2018-12-19T17:43:47.574Z] Platform:      linux
[debug] [2018-12-19T17:43:47.574Z] Node Version:  v8.12.0
[debug] [2018-12-19T17:43:47.574Z] Time:          Wed Dec 19 2018 11:43:47 GMT-0600 (STD)
[debug] [2018-12-19T17:43:47.574Z] ----------------------------------------------------------------------
[debug] 
[debug] [2018-12-19T17:43:47.592Z] > command requires scopes: ["email","openid","https://www.googleapis.com/auth/cloudplatformprojects.readonly","https://www.googleapis.com/auth/firebase","https://www.googleapis.com/auth/cloud-platform"]
[debug] [2018-12-19T17:43:47.593Z] > authorizing via signed-in user
[debug] [2018-12-19T17:43:47.595Z] >>> HTTP REQUEST GET https://admin.firebase.com/v1/projects/stanley-idesis  
 
[debug] [2018-12-19T17:43:47.904Z] <<< HTTP RESPONSE 200
[info] 
[info] === Deploying to 'stanley-idesis'...
[info] 
[info] i  deploying hosting
[debug] [2018-12-19T17:43:47.913Z] >>> HTTP REQUEST POST https://firebasehosting.googleapis.com/v1beta1/sites/stanley-idesis/versions  

[debug] [2018-12-19T17:43:49.690Z] <<< HTTP RESPONSE 200
[info] i  hosting[stanley-idesis]: beginning deploy...
[info] i  hosting[stanley-idesis]: found 117 files in _site
[debug] [2018-12-19T17:43:49.894Z] [hosting] hash cache [X3NpdGU] stored for 117 files
[debug] [2018-12-19T17:43:49.895Z] [hosting][hash queue][FINAL]
[debug] [2018-12-19T17:43:49.895Z] >>> HTTP REQUEST POST https://firebasehosting.googleapis.com/v1beta1/sites/stanley-idesis/versions/1183572320c26f7e:populateFiles  
 <request body omitted>
[debug] [2018-12-19T17:43:51.738Z] <<< HTTP RESPONSE 200
[debug] [2018-12-19T17:43:51.744Z] [hosting][populate queue][FINAL]
[debug] [2018-12-19T17:43:51.745Z] [hosting] uploads queued: 7
[debug] [2018-12-19T17:43:52.190Z] [hosting][upload] index.html (44c48dfbe26d356537535fde4bc6e5a3236651d07b5a0bacdbcbbeb060bf45c6) HTTP ERROR 400 : { 'x-guploader-uploadid': 'AEnB2Uo-becUqB74remx6263TDLoRy29ukKLCXbes3HElvCalq1C58USYhQeGJkWBGcD7bHDIVzeQQLlK3xah6EBQJRTVxqqX-cF6WvYA_lRYnZHpgDuIRU',
  'content-length': '37',
  date: 'Wed, 19 Dec 2018 17:43:51 GMT',
  server: 'UploadServer',
  'content-type': 'text/html; charset=UTF-8',
  'alt-svc': 'quic=":443"; ma=2592000; v="44,43,39,35"',
  connection: 'close' } Couldn't process request (status=400)
[debug] [2018-12-19T17:43:52.194Z] [hosting][upload] portfolio.html (155526521e9f46052074cc18cd0a956f7d74f55fe5a5d2656375b2a8433eb469) HTTP ERROR 400 : { 'x-guploader-uploadid': 'AEnB2Uq2mnoCtqCHevkEnDsZhs9eagWxyb0GyR8XoMcHA9NCjKpef1JBab-zi1U52jrtEPE4sgI0OsmFRXJhyIWBDtcYW-Vf2QWCCwkJnEgoXdsyEW80KCI',
  'content-length': '37',
  date: 'Wed, 19 Dec 2018 17:43:51 GMT',
  server: 'UploadServer',
  'content-type': 'text/html; charset=UTF-8',
  'alt-svc': 'quic=":443"; ma=2592000; v="44,43,39,35"',
  connection: 'close' } Couldn't process request (status=400)
[debug] [2018-12-19T17:43:52.195Z] [hosting][upload] books/good-content.html (3ea9404bbb52b39844c8a215b32d1dfdaabfc1e8ade46f8b5eba069dbc438b97) HTTP ERROR 400 : { 'x-guploader-uploadid': 'AEnB2UpJvDEoO3EuahRSFP0cqFTmWXJvN5DzBwmiXlIt12SsiXUMetOJ_XFKaBKGcb7Xv5LblcYuucGacVCpZiWKX-EnexHj6XrlZkqENhx4jGQ3ZBTH3rA',
  'content-length': '37',
  date: 'Wed, 19 Dec 2018 17:43:51 GMT',
  server: 'UploadServer',
  'content-type': 'text/html; charset=UTF-8',
  'alt-svc': 'quic=":443"; ma=2592000; v="44,43,39,35"',
  connection: 'close' } Couldn't process request (status=400)
[debug] [2018-12-19T17:43:52.247Z] [hosting][upload] sitemap.xml (6fb4534398711ce4dcebe1e8942ce4af1e902ec76458e913268860d648a18a69) HTTP ERROR 400 : { 'x-guploader-uploadid': 'AEnB2Uo9O1I5XI_so8Xkk_bDOVKpYloKXH5hPXr0FBUC0DP_qRFxqXF6EDlzF8M9wXKE3fqAIg94AlAdoybZd2teAFR1dHxbbrTPEBIKPq072gJpqDFoQkw',
  'content-length': '37',
  date: 'Wed, 19 Dec 2018 17:43:51 GMT',
  server: 'UploadServer',
  'content-type': 'text/html; charset=UTF-8',
  'alt-svc': 'quic=":443"; ma=2592000; v="44,43,39,35"',
  connection: 'close' } Couldn't process request (status=400)
[debug] [2018-12-19T17:43:52.262Z] [hosting][upload] project-management-with-google-sheets-free-template.html (2d5e7783d15aecce592db162ea2a66831092f86b693e295cf88327d8ee262aed) HTTP ERROR 400 : { 'x-guploader-uploadid': 'AEnB2UqyBvCilKWEmwmy61qT3_qrw9mQ3sbbt-PKjIjZjCTDS5N5-ReecOZOFHlhKFMqwQvsU8ntd27Jnp9oremttIoyYsfaINqYtKuerKOg2SpQ8cYSAbM',
  'content-length': '37',
  date: 'Wed, 19 Dec 2018 17:43:51 GMT',
  server: 'UploadServer',
  'content-type': 'text/html; charset=UTF-8',
  'alt-svc': 'quic=":443"; ma=2592000; v="44,43,39,35"',
  connection: 'close' } Couldn't process request (status=400)
[debug] [2018-12-19T17:43:52.594Z] [uploadQueue] Retrying task 44c48dfbe26d356537535fde4bc6e5a3236651d07b5a0bacdbcbbeb060bf45c6
[debug] [2018-12-19T17:43:52.595Z] [uploadQueue] Retrying task 155526521e9f46052074cc18cd0a956f7d74f55fe5a5d2656375b2a8433eb469
[debug] [2018-12-19T17:43:52.596Z] [uploadQueue] Retrying task 3ea9404bbb52b39844c8a215b32d1dfdaabfc1e8ade46f8b5eba069dbc438b97
[debug] [2018-12-19T17:43:52.648Z] [uploadQueue] Retrying task 6fb4534398711ce4dcebe1e8942ce4af1e902ec76458e913268860d648a18a69
[debug] [2018-12-19T17:43:52.664Z] [uploadQueue] Retrying task 2d5e7783d15aecce592db162ea2a66831092f86b693e295cf88327d8ee262aed
[debug] [2018-12-19T17:43:52.970Z] [hosting][upload] index.html (44c48dfbe26d356537535fde4bc6e5a3236651d07b5a0bacdbcbbeb060bf45c6) HTTP ERROR 400 : { 'x-guploader-uploadid': 'AEnB2UpOeMTNnpAHyyXE_8CtLO_KSASgZM1tUoScx9QsvPiARRALJep7CVt0ztwSvhUPkbU6xJ0FOkCe4tRgvidcp6aRDbDdykdJea7pxptCfh5XUJqP3xM',
  'content-length': '37',
  date: 'Wed, 19 Dec 2018 17:43:52 GMT',
  server: 'UploadServer',
  'content-type': 'text/html; charset=UTF-8',
  'alt-svc': 'quic=":443"; ma=2592000; v="44,43,39,35"',
  connection: 'close' } Couldn't process request (status=400)
[debug] [2018-12-19T17:43:52.991Z] [hosting][upload] portfolio.html (155526521e9f46052074cc18cd0a956f7d74f55fe5a5d2656375b2a8433eb469) HTTP ERROR 400 : { 'x-guploader-uploadid': 'AEnB2Up9ams-KmS2dLvDbqARbogpD4SxPwpQ16YaHiOUcjxBzzkwm8D39h4Wrz5Kd1acV96pA0vhYekXk9tIlEjPigrusblgyoO6EU8cgZ0Edi2RNI1UN-w',
  'content-length': '37',
  date: 'Wed, 19 Dec 2018 17:43:52 GMT',
  server: 'UploadServer',
  'content-type': 'text/html; charset=UTF-8',
  'alt-svc': 'quic=":443"; ma=2592000; v="44,43,39,35"',
  connection: 'close' } Couldn't process request (status=400)
[debug] [2018-12-19T17:43:53.021Z] [hosting][upload] project-management-with-google-sheets-free-template.html (2d5e7783d15aecce592db162ea2a66831092f86b693e295cf88327d8ee262aed) HTTP ERROR 400 : { 'x-guploader-uploadid': 'AEnB2UqlLE-xgI4R2Me_AVJz9vufOOWy5-JQggLxznFlxDurniYQhTaMj-gGfJh-TawyIL_5RW1KiukzeHXK62Wc2tX4OuSYRw',
  'content-length': '37',
  date: 'Wed, 19 Dec 2018 17:43:52 GMT',
  server: 'UploadServer',
  'content-type': 'text/html; charset=UTF-8',
  'alt-svc': 'quic=":443"; ma=2592000; v="44,43,39,35"',
  connection: 'close' } Couldn't process request (status=400)
[debug] [2018-12-19T17:43:53.129Z] [hosting][upload] 404.html (3db0b7b1819109ace771119a201f1d7522fa881534302d8bf4e8bee220b106c9) HTTP ERROR 400 : { 'x-guploader-uploadid': 'AEnB2Uq381vIkYPtRdCjwhsnTOT6JnEmJswigvpKUqpB3Q7a850Vw9V0ikBBqX1pTRwcTOAl0WPpLOvf4QBjVC5mrDeaZRDmrQ',
  'content-length': '37',
  date: 'Wed, 19 Dec 2018 17:43:52 GMT',
  server: 'UploadServer',
  'content-type': 'text/html; charset=UTF-8',
  'alt-svc': 'quic=":443"; ma=2592000; v="44,43,39,35"',
  connection: 'close' } Couldn't process request (status=400)
[debug] [2018-12-19T17:43:53.208Z] [hosting][upload] feed.xml (0d66e1d0c3deb641abfd5b065cbd80c04c7fbd673ab1a250d310b3abc03d4655) HTTP ERROR 400 : { 'x-guploader-uploadid': 'AEnB2UrWylAYqck4pAcIbr1jTA--WPhQxq-t3u6kzRclvAjPWu9cqaAuSaelysXej-tDZ5wjixI8WXUHsqR_Sg4nuORILjVkoQ',
  'content-length': '37',
  date: 'Wed, 19 Dec 2018 17:43:52 GMT',
  server: 'UploadServer',
  'content-type': 'text/html; charset=UTF-8',
  'alt-svc': 'quic=":443"; ma=2592000; v="44,43,39,35"',
  connection: 'close' } Couldn't process request (status=400)
[debug] [2018-12-19T17:43:53.530Z] [uploadQueue] Retrying task 3db0b7b1819109ace771119a201f1d7522fa881534302d8bf4e8bee220b106c9
[debug] [2018-12-19T17:43:53.609Z] [uploadQueue] Retrying task 0d66e1d0c3deb641abfd5b065cbd80c04c7fbd673ab1a250d310b3abc03d4655
[debug] [2018-12-19T17:43:53.771Z] [uploadQueue] Retrying task 44c48dfbe26d356537535fde4bc6e5a3236651d07b5a0bacdbcbbeb060bf45c6
[debug] [2018-12-19T17:43:53.792Z] [uploadQueue] Retrying task 155526521e9f46052074cc18cd0a956f7d74f55fe5a5d2656375b2a8433eb469
[debug] [2018-12-19T17:43:53.822Z] [uploadQueue] Retrying task 2d5e7783d15aecce592db162ea2a66831092f86b693e295cf88327d8ee262aed
[debug] [2018-12-19T17:43:53.879Z] [hosting][upload] 404.html (3db0b7b1819109ace771119a201f1d7522fa881534302d8bf4e8bee220b106c9) HTTP ERROR 400 : { 'x-guploader-uploadid': 'AEnB2UoQdLsgjr9xXxBwvL0ENNkNSHj5s8t40hrz2p-ZNqEGpW1FrRaIDeaKHxuLq16_KjD6ZS9jOvJ5OrOnjp68HkqMJG47nCmNWWWVt3fs7OMRIk9Jqow',
  'content-length': '37',
  date: 'Wed, 19 Dec 2018 17:43:53 GMT',
  server: 'UploadServer',
  'content-type': 'text/html; charset=UTF-8',
  'alt-svc': 'quic=":443"; ma=2592000; v="44,43,39,35"',
  connection: 'close' } Couldn't process request (status=400)
[debug] [2018-12-19T17:43:53.911Z] [hosting][upload] books/good-content.html (3ea9404bbb52b39844c8a215b32d1dfdaabfc1e8ade46f8b5eba069dbc438b97) HTTP ERROR 400 : { 'x-guploader-uploadid': 'AEnB2UpxPm_1LFai6oJx5n94YNkWLccR-1ak_tsEUF4LlqnJGS8JseX4MT0W4ygPMJ8vfEMV6f8mSfTPnxPq6ChtxWxZHAqXpQ',
  'content-length': '37',
  date: 'Wed, 19 Dec 2018 17:43:53 GMT',
  server: 'UploadServer',
  'content-type': 'text/html; charset=UTF-8',
  'alt-svc': 'quic=":443"; ma=2592000; v="44,43,39,35"',
  connection: 'close' } Couldn't process request (status=400)
[debug] [2018-12-19T17:43:54.088Z] [hosting][upload] sitemap.xml (6fb4534398711ce4dcebe1e8942ce4af1e902ec76458e913268860d648a18a69) HTTP ERROR 400 : { 'x-guploader-uploadid': 'AEnB2Up9BmNEgrz85SIMoczWKw6ZxraUbr_jVrHYicxxBU_GH0z0lN00rM9bAOpzZTVfVcyvUF4NfUBy53AVpEGRlhq4DrDAiuvw_oksbx8c6-aVSCcMtJA',
  'content-length': '37',
  date: 'Wed, 19 Dec 2018 17:43:53 GMT',
  server: 'UploadServer',
  'content-type': 'text/html; charset=UTF-8',
  'alt-svc': 'quic=":443"; ma=2592000; v="44,43,39,35"',
  connection: 'close' } Couldn't process request (status=400)
[debug] [2018-12-19T17:43:54.190Z] [hosting][upload] project-management-with-google-sheets-free-template.html (2d5e7783d15aecce592db162ea2a66831092f86b693e295cf88327d8ee262aed) HTTP ERROR 400 : { 'x-guploader-uploadid': 'AEnB2Uq4-xk0gtotfadUaXE5fnw2jKNgJCjYHeQMwGc0lC_JLMc8B_UT7kP_H12WwmAV9c3gS-11nh1iRTcRUdGQJZtUUZfBcqmIjhLWPQlq6NQNq0SFbWY',
  'content-length': '37',
  date: 'Wed, 19 Dec 2018 17:43:53 GMT',
  server: 'UploadServer',
  'content-type': 'text/html; charset=UTF-8',
  'alt-svc': 'quic=":443"; ma=2592000; v="44,43,39,35"',
  connection: 'close' } Couldn't process request (status=400)
[debug] [2018-12-19T17:43:54.286Z] [hosting][upload] portfolio.html (155526521e9f46052074cc18cd0a956f7d74f55fe5a5d2656375b2a8433eb469) HTTP ERROR 400 : { 'x-guploader-uploadid': 'AEnB2Up25UO1X3VJ1-APJUWi1GB7GbFqABwB1DLjPT-rhRKLTqQ1T1sorr3OVx11DgqaSz8_eVCe6sZzca17tFHozG5FJRo7eg',
  'content-length': '37',
  date: 'Wed, 19 Dec 2018 17:43:53 GMT',
  server: 'UploadServer',
  'content-type': 'text/html; charset=UTF-8',
  'alt-svc': 'quic=":443"; ma=2592000; v="44,43,39,35"',
  connection: 'close' } Couldn't process request (status=400)
[debug] [2018-12-19T17:43:54.679Z] [uploadQueue] Retrying task 3db0b7b1819109ace771119a201f1d7522fa881534302d8bf4e8bee220b106c9
[debug] [2018-12-19T17:43:54.712Z] [uploadQueue] Retrying task 3ea9404bbb52b39844c8a215b32d1dfdaabfc1e8ade46f8b5eba069dbc438b97
[debug] [2018-12-19T17:43:54.889Z] [uploadQueue] Retrying task 6fb4534398711ce4dcebe1e8942ce4af1e902ec76458e913268860d648a18a69
[debug] [2018-12-19T17:43:54.982Z] [hosting][upload] feed.xml (0d66e1d0c3deb641abfd5b065cbd80c04c7fbd673ab1a250d310b3abc03d4655) HTTP ERROR 400 : { 'x-guploader-uploadid': 'AEnB2UoW6Bu4P95HuIZc4gofZla1J-UBaXBmfELoy8q6l13kueBXsoOuX2kT4dLLhkLUxBbejTRMlJ4ttrGgi3i9RmSDl5xg0nISOwzv4bzwIPhrP8BhM6c',
  'content-length': '37',
  date: 'Wed, 19 Dec 2018 17:43:54 GMT',
  server: 'UploadServer',
  'content-type': 'text/html; charset=UTF-8',
  'alt-svc': 'quic=":443"; ma=2592000; v="44,43,39,35"',
  connection: 'close' } Couldn't process request (status=400)
[debug] [2018-12-19T17:43:55.055Z] [hosting][upload] books/good-content.html (3ea9404bbb52b39844c8a215b32d1dfdaabfc1e8ade46f8b5eba069dbc438b97) HTTP ERROR 400 : { 'x-guploader-uploadid': 'AEnB2UqLgy-OPAW0yQrNFcNH3-jXBRpFXFu5IRhsR8O02FL-qM7ClycZKbkgZjfPP9nB0T3lFvIqu0d2X5CfvqLNW95azSyJkE7iVAULhDKiCAvSPEGeBVg',
  'content-length': '37',
  date: 'Wed, 19 Dec 2018 17:43:54 GMT',
  server: 'UploadServer',
  'content-type': 'text/html; charset=UTF-8',
  'alt-svc': 'quic=":443"; ma=2592000; v="44,43,39,35"',
  connection: 'close' } Couldn't process request (status=400)
[debug] [2018-12-19T17:43:55.175Z] [hosting][upload] index.html (44c48dfbe26d356537535fde4bc6e5a3236651d07b5a0bacdbcbbeb060bf45c6) HTTP ERROR 400 : { 'x-guploader-uploadid': 'AEnB2UoA_8cdNGTgVZHH-HMXWSi-xmffm_w7XxXUfzyWu-7Au-nifk6x-FBg0sR4WoV1z4xIgwruueEtbEH0RxMakPWdGB_1mA',
  'content-length': '37',
  date: 'Wed, 19 Dec 2018 17:43:54 GMT',
  server: 'UploadServer',
  'content-type': 'text/html; charset=UTF-8',
  'alt-svc': 'quic=":443"; ma=2592000; v="44,43,39,35"',
  connection: 'close' } Couldn't process request (status=400)
[debug] [2018-12-19T17:43:55.325Z] [hosting][upload] sitemap.xml (6fb4534398711ce4dcebe1e8942ce4af1e902ec76458e913268860d648a18a69) HTTP ERROR 400 : { 'x-guploader-uploadid': 'AEnB2UqcAm_OeRTpiRlw04GYVfiEzQ7RpXZuzYpxhB8-7DTbAycIuK9zLQ4-0XNws4NiDjTfO2GSFBERwhMESWMSF6HBIo7PXAj1s8SEhtv9be1H6rhsBLM',
  'content-length': '37',
  date: 'Wed, 19 Dec 2018 17:43:54 GMT',
  server: 'UploadServer',
  'content-type': 'text/html; charset=UTF-8',
  'alt-svc': 'quic=":443"; ma=2592000; v="44,43,39,35"',
  connection: 'close' } Couldn't process request (status=400)
[debug] [2018-12-19T17:43:55.784Z] [uploadQueue] Retrying task 0d66e1d0c3deb641abfd5b065cbd80c04c7fbd673ab1a250d310b3abc03d4655
[debug] [2018-12-19T17:43:55.791Z] [uploadQueue] Retrying task 2d5e7783d15aecce592db162ea2a66831092f86b693e295cf88327d8ee262aed
[debug] [2018-12-19T17:43:55.890Z] [uploadQueue] Retrying task 155526521e9f46052074cc18cd0a956f7d74f55fe5a5d2656375b2a8433eb469
[debug] [2018-12-19T17:43:56.042Z] [hosting][upload] 404.html (3db0b7b1819109ace771119a201f1d7522fa881534302d8bf4e8bee220b106c9) HTTP ERROR 400 : { 'x-guploader-uploadid': 'AEnB2Ur_wS1pCNszcbGDTACS59qduMeuheXrceu0q3IDYHwsMeTALFfA1WZ0krQjS012GfGmOHiZFrbwZqso_J6_HPRaO2OGIf1D5KYx2IcEMw89dpniIDI',
  'content-length': '37',
  date: 'Wed, 19 Dec 2018 17:43:55 GMT',
  server: 'UploadServer',
  'content-type': 'text/html; charset=UTF-8',
  'alt-svc': 'quic=":443"; ma=2592000; v="44,43,39,35"',
  connection: 'close' } Couldn't process request (status=400)
[debug] [2018-12-19T17:43:56.657Z] [uploadQueue] Retrying task 3ea9404bbb52b39844c8a215b32d1dfdaabfc1e8ade46f8b5eba069dbc438b97
[debug] [2018-12-19T17:43:56.777Z] [uploadQueue] Retrying task 44c48dfbe26d356537535fde4bc6e5a3236651d07b5a0bacdbcbbeb060bf45c6
[debug] [2018-12-19T17:43:56.927Z] [uploadQueue] Retrying task 6fb4534398711ce4dcebe1e8942ce4af1e902ec76458e913268860d648a18a69
[debug] [2018-12-19T17:43:57.205Z] [hosting][upload] project-management-with-google-sheets-free-template.html (2d5e7783d15aecce592db162ea2a66831092f86b693e295cf88327d8ee262aed) HTTP ERROR 400 : { 'x-guploader-uploadid': 'AEnB2UpkaGQNZUuCAQXMd_-pY9g5YkahBoTT70VglTG8jEX2DXMhYAnzdH3K0g4R4KcXYFceTX-OmVyruus6R_iriiEhPtZVuCzVM8y05_A6XMLg0yrLJMI',
  'content-length': '37',
  date: 'Wed, 19 Dec 2018 17:43:56 GMT',
  server: 'UploadServer',
  'content-type': 'text/html; charset=UTF-8',
  'alt-svc': 'quic=":443"; ma=2592000; v="44,43,39,35"',
  connection: 'close' } Couldn't process request (status=400)
[debug] [2018-12-19T17:43:57.293Z] [hosting][upload] portfolio.html (155526521e9f46052074cc18cd0a956f7d74f55fe5a5d2656375b2a8433eb469) HTTP ERROR 400 : { 'x-guploader-uploadid': 'AEnB2Up0m6xCF_XEJWQTYDKNbQ7ObKJPtrqwTaSL4Bxe5sWZw8v75zzrmheKbuK_kJZLcMneyRJITVntxrsvnCTI0iDb1CQcMqGHA7y-u0Z1De5CsTzc0pM',
  'content-length': '37',
  date: 'Wed, 19 Dec 2018 17:43:56 GMT',
  server: 'UploadServer',
  'content-type': 'text/html; charset=UTF-8',
  'alt-svc': 'quic=":443"; ma=2592000; v="44,43,39,35"',
  connection: 'close' } Couldn't process request (status=400)
[debug] [2018-12-19T17:43:57.633Z] [hosting][upload] feed.xml (0d66e1d0c3deb641abfd5b065cbd80c04c7fbd673ab1a250d310b3abc03d4655) HTTP ERROR 400 : { 'x-guploader-uploadid': 'AEnB2UpBVmn4v0xTg-q47JS9aTAZFE_3qPtWxioV2IDtnKNA0XkjHhWTnB8wjfHlYY1fHNDgqruAv4yUoVCaTOzvZL5TluQYow',
  'content-length': '37',
  date: 'Wed, 19 Dec 2018 17:43:57 GMT',
  server: 'UploadServer',
  'content-type': 'text/html; charset=UTF-8',
  'alt-svc': 'quic=":443"; ma=2592000; v="44,43,39,35"',
  connection: 'close' } Couldn't process request (status=400)
[debug] [2018-12-19T17:43:57.643Z] [uploadQueue] Retrying task 3db0b7b1819109ace771119a201f1d7522fa881534302d8bf4e8bee220b106c9
[debug] [2018-12-19T17:43:57.997Z] [hosting][upload] books/good-content.html (3ea9404bbb52b39844c8a215b32d1dfdaabfc1e8ade46f8b5eba069dbc438b97) HTTP ERROR 400 : { 'x-guploader-uploadid': 'AEnB2UqCl9eqLQiWGrCNkLlaP9JXWvEV6rjzqyumsBZA_ucmRpIdNZ60cKx4h3DuNtLAls3B32mF-MJuiTpGDbWo8bk8nFzLtl-V4_73PJuTD8uizw0wrwI',
  'content-length': '37',
  date: 'Wed, 19 Dec 2018 17:43:57 GMT',
  server: 'UploadServer',
  'content-type': 'text/html; charset=UTF-8',
  'alt-svc': 'quic=":443"; ma=2592000; v="44,43,39,35"',
  connection: 'close' } Couldn't process request (status=400)
[debug] [2018-12-19T17:43:58.293Z] [hosting][upload] 404.html (3db0b7b1819109ace771119a201f1d7522fa881534302d8bf4e8bee220b106c9) HTTP ERROR 400 : { 'x-guploader-uploadid': 'AEnB2UqpM5C4wS6zWhNLx6JtmGEXRbE0BfmP7nUexflQ5JMc6uSxDKuIP6Fc6f6YFbGf47U6vC-jZXqKKJikUVth3bCJUi01eQ',
  'content-length': '37',
  date: 'Wed, 19 Dec 2018 17:43:57 GMT',
  server: 'UploadServer',
  'content-type': 'text/html; charset=UTF-8',
  'alt-svc': 'quic=":443"; ma=2592000; v="44,43,39,35"',
  connection: 'close' } Couldn't process request (status=400)
[debug] [2018-12-19T17:43:58.334Z] [hosting][upload] sitemap.xml (6fb4534398711ce4dcebe1e8942ce4af1e902ec76458e913268860d648a18a69) HTTP ERROR 400 : { 'x-guploader-uploadid': 'AEnB2UpRo82t6dG297JUONOpacLK1Hbz2dKkA-0wiCBbOOj5BtyCVNnPHXvW1BxA6MQbB7KiixsHNUyJv7bZ0zbawzbhTY6doWV8tlPw-kGOH3_5q84Hqc8',
  'content-length': '37',
  date: 'Wed, 19 Dec 2018 17:43:57 GMT',
  server: 'UploadServer',
  'content-type': 'text/html; charset=UTF-8',
  'alt-svc': 'quic=":443"; ma=2592000; v="44,43,39,35"',
  connection: 'close' } Couldn't process request (status=400)
[debug] [2018-12-19T17:43:58.509Z] [hosting][upload] index.html (44c48dfbe26d356537535fde4bc6e5a3236651d07b5a0bacdbcbbeb060bf45c6) HTTP ERROR 400 : { 'x-guploader-uploadid': 'AEnB2UqvPyfk_wjSr_dXK5nSFU1rUCg66sCRb_w_ISnvtOqyYXHDZX5zYtCX-b3XHiAsvkWwvZXSJTxGXx02ZXcRkRPKKt0qVQ',
  'content-length': '37',
  date: 'Wed, 19 Dec 2018 17:43:58 GMT',
  server: 'UploadServer',
  'content-type': 'text/html; charset=UTF-8',
  'alt-svc': 'quic=":443"; ma=2592000; v="44,43,39,35"',
  connection: 'close' } Couldn't process request (status=400)
[debug] [2018-12-19T17:43:59.236Z] [uploadQueue] Retrying task 0d66e1d0c3deb641abfd5b065cbd80c04c7fbd673ab1a250d310b3abc03d4655
[debug] [2018-12-19T17:43:59.984Z] [hosting][upload] feed.xml (0d66e1d0c3deb641abfd5b065cbd80c04c7fbd673ab1a250d310b3abc03d4655) HTTP ERROR 400 : { 'x-guploader-uploadid': 'AEnB2Uoj3wLxYGnznV3TVaApXugNT5UJWkXZqvFi5xKFZxsTod8_eEDhbKIQVBE8jPG-KvveaonEOEy_5mgKTyV4Y3Itfqr4qJzQob-OA7eIojadD5j6GM4',
  'content-length': '37',
  date: 'Wed, 19 Dec 2018 17:43:59 GMT',
  server: 'UploadServer',
  'content-type': 'text/html; charset=UTF-8',
  'alt-svc': 'quic=":443"; ma=2592000; v="44,43,39,35"',
  connection: 'close' } Couldn't process request (status=400)
[debug] [2018-12-19T17:44:00.410Z] [uploadQueue] Retrying task 2d5e7783d15aecce592db162ea2a66831092f86b693e295cf88327d8ee262aed
[debug] [2018-12-19T17:44:00.495Z] [uploadQueue] Retrying task 155526521e9f46052074cc18cd0a956f7d74f55fe5a5d2656375b2a8433eb469
[debug] [2018-12-19T17:44:01.199Z] [uploadQueue] Retrying task 3ea9404bbb52b39844c8a215b32d1dfdaabfc1e8ade46f8b5eba069dbc438b97
[debug] [2018-12-19T17:44:01.495Z] [uploadQueue] Retrying task 3db0b7b1819109ace771119a201f1d7522fa881534302d8bf4e8bee220b106c9
[debug] [2018-12-19T17:44:01.536Z] [uploadQueue] Retrying task 6fb4534398711ce4dcebe1e8942ce4af1e902ec76458e913268860d648a18a69
[debug] [2018-12-19T17:44:01.710Z] [uploadQueue] Retrying task 44c48dfbe26d356537535fde4bc6e5a3236651d07b5a0bacdbcbbeb060bf45c6
[debug] [2018-12-19T17:44:01.800Z] [hosting][upload] project-management-with-google-sheets-free-template.html (2d5e7783d15aecce592db162ea2a66831092f86b693e295cf88327d8ee262aed) HTTP ERROR 400 : { 'x-guploader-uploadid': 'AEnB2UrwW57nIHSEq7-xL8dzxhgkGhObACK5Du-tF8dN6-x6xHfMjjdCYguApnSQkIrlUo258KIS-iWTFGlGHffqz_t4YkWpsksR4N2hCLM_C8Ihxydzu0I',
  'content-length': '37',
  date: 'Wed, 19 Dec 2018 17:44:01 GMT',
  server: 'UploadServer',
  'content-type': 'text/html; charset=UTF-8',
  'alt-svc': 'quic=":443"; ma=2592000; v="44,43,39,35"',
  connection: 'close' } Couldn't process request (status=400)
[debug] [2018-12-19T17:44:01.846Z] [hosting][upload] 404.html (3db0b7b1819109ace771119a201f1d7522fa881534302d8bf4e8bee220b106c9) HTTP ERROR 400 : { 'x-guploader-uploadid': 'AEnB2Uqlv0tJTOXeqB38NrYNvG-b388qm_PZyPI6QC06rsHQrseMlEWyfk1Zr0AURKGgvdHfxYtU_4cADsM0PO3CzPfkHwE-DpDAjF8gh9zxp1T_QXtwE2M',
  'content-length': '37',
  date: 'Wed, 19 Dec 2018 17:44:01 GMT',
  server: 'UploadServer',
  'content-type': 'text/html; charset=UTF-8',
  'alt-svc': 'quic=":443"; ma=2592000; v="44,43,39,35"',
  connection: 'close' } Couldn't process request (status=400)
[debug] [2018-12-19T17:44:01.867Z] [hosting][upload] books/good-content.html (3ea9404bbb52b39844c8a215b32d1dfdaabfc1e8ade46f8b5eba069dbc438b97) HTTP ERROR 400 : { 'x-guploader-uploadid': 'AEnB2UqoEDiTjrS0puBAonbBaRg5dozBEYnB3exTO8d4Ii1_zV3umTOhtQKZehkewtguwQWPIbG9bXXcwzaRbNeHCte-tAY5SQ',
  'content-length': '37',
  date: 'Wed, 19 Dec 2018 17:44:01 GMT',
  server: 'UploadServer',
  'content-type': 'text/html; charset=UTF-8',
  'alt-svc': 'quic=":443"; ma=2592000; v="44,43,39,35"',
  connection: 'close' } Couldn't process request (status=400)
[debug] [2018-12-19T17:44:01.884Z] [hosting][upload] portfolio.html (155526521e9f46052074cc18cd0a956f7d74f55fe5a5d2656375b2a8433eb469) HTTP ERROR 400 : { 'x-guploader-uploadid': 'AEnB2Uoc5-WS80nva6RRtnlmTYS0GWth5xak-nVYs84zL4tguW4K9bn7EyRoJXUtThi2FadZfirR5OvPYF1sgfIW6dgJdPuPY0CWmFJSPC6KJyDiyBrwPCY',
  'content-length': '37',
  date: 'Wed, 19 Dec 2018 17:44:01 GMT',
  server: 'UploadServer',
  'content-type': 'text/html; charset=UTF-8',
  'alt-svc': 'quic=":443"; ma=2592000; v="44,43,39,35"',
  connection: 'close' } Couldn't process request (status=400)
[debug] [2018-12-19T17:44:02.334Z] [hosting][upload] sitemap.xml (6fb4534398711ce4dcebe1e8942ce4af1e902ec76458e913268860d648a18a69) HTTP ERROR 400 : { 'x-guploader-uploadid': 'AEnB2UqOKCFqe7CcWgPLeLidV7E8zG0x6O-aD6p-5-oCrORfpT3P7HuE2-v2I_F_0znGoJuU4NYu4huXjEtRnRRe1qp8CKkAKw',
  'content-length': '37',
  date: 'Wed, 19 Dec 2018 17:44:01 GMT',
  server: 'UploadServer',
  'content-type': 'text/html; charset=UTF-8',
  'alt-svc': 'quic=":443"; ma=2592000; v="44,43,39,35"',
  connection: 'close' } Couldn't process request (status=400)
[debug] [2018-12-19T17:44:03.094Z] [hosting][upload] index.html (44c48dfbe26d356537535fde4bc6e5a3236651d07b5a0bacdbcbbeb060bf45c6) HTTP ERROR 400 : { 'x-guploader-uploadid': 'AEnB2UqHxXETFv9DCICpP3PZkJYpZgRV0a4dVIkO9jq1Q4XmFxDc69BJrcMgyMTcK-b6yO92_gNP_vpRigQotLLiwQd4XtsN9wPSpYHwz6E4TgWxnTtEwRs',
  'content-length': '37',
  date: 'Wed, 19 Dec 2018 17:44:02 GMT',
  server: 'UploadServer',
  'content-type': 'text/html; charset=UTF-8',
  'alt-svc': 'quic=":443"; ma=2592000; v="44,43,39,35"',
  connection: 'close' } Couldn't process request (status=400)
[debug] [2018-12-19T17:44:03.186Z] [uploadQueue] Retrying task 0d66e1d0c3deb641abfd5b065cbd80c04c7fbd673ab1a250d310b3abc03d4655
[debug] [2018-12-19T17:44:04.549Z] [hosting][upload] feed.xml (0d66e1d0c3deb641abfd5b065cbd80c04c7fbd673ab1a250d310b3abc03d4655) HTTP ERROR 400 : { 'x-guploader-uploadid': 'AEnB2UrphO3GcgxN-FH9wiRowgHyeJXDktqcQIsKcP3kKwuz9cBuQbtiRPk1EdQ_pqMxgcdATrwXmaBRXEsUZCaEvHqA-uslz-XnMDrqJOuZq18rQ0ufW-Q',
  'content-length': '37',
  date: 'Wed, 19 Dec 2018 17:44:04 GMT',
  server: 'UploadServer',
  'content-type': 'text/html; charset=UTF-8',
  'alt-svc': 'quic=":443"; ma=2592000; v="44,43,39,35"',
  connection: 'close' } Couldn't process request (status=400)
[debug] [2018-12-19T17:44:08.201Z] [uploadQueue] Retrying task 2d5e7783d15aecce592db162ea2a66831092f86b693e295cf88327d8ee262aed
[debug] [2018-12-19T17:44:08.247Z] [uploadQueue] Retrying task 3db0b7b1819109ace771119a201f1d7522fa881534302d8bf4e8bee220b106c9
[debug] [2018-12-19T17:44:08.268Z] [uploadQueue] Retrying task 3ea9404bbb52b39844c8a215b32d1dfdaabfc1e8ade46f8b5eba069dbc438b97
[debug] [2018-12-19T17:44:08.285Z] [uploadQueue] Retrying task 155526521e9f46052074cc18cd0a956f7d74f55fe5a5d2656375b2a8433eb469
[debug] [2018-12-19T17:44:08.625Z] [hosting][upload] books/good-content.html (3ea9404bbb52b39844c8a215b32d1dfdaabfc1e8ade46f8b5eba069dbc438b97) HTTP ERROR 400 : { 'x-guploader-uploadid': 'AEnB2UqD-bkDvj_T1KoB0Mr4UJRAld0_2KxVLdDVUtVkHEU_P3yhySoYddMnU60bzgux5KBIqbqmZsLen3cLa_MMp2UgspX27A',
  'content-length': '37',
  date: 'Wed, 19 Dec 2018 17:44:08 GMT',
  server: 'UploadServer',
  'content-type': 'text/html; charset=UTF-8',
  'alt-svc': 'quic=":443"; ma=2592000; v="44,43,39,35"',
  connection: 'close' } Couldn't process request (status=400)
[debug] [2018-12-19T17:44:08.626Z] [uploadQueue] Retries exhausted for task 3ea9404bbb52b39844c8a215b32d1dfdaabfc1e8ade46f8b5eba069dbc438b97 :
[debug] [2018-12-19T17:44:08.628Z] [hosting][upload queue][FINAL]
[debug] [2018-12-19T17:44:08.735Z] [uploadQueue] Retrying task 6fb4534398711ce4dcebe1e8942ce4af1e902ec76458e913268860d648a18a69
[debug] [2018-12-19T17:44:08.814Z] [hosting][upload] portfolio.html (155526521e9f46052074cc18cd0a956f7d74f55fe5a5d2656375b2a8433eb469) HTTP ERROR 400 : { 'x-guploader-uploadid': 'AEnB2UravgEQffmCV1U9YVLQxBSuKh7W81j7AgyekreR-KzJ4qakEJKJf9eX40fVEtepUSJObJFJA73wMtRZWEwgA7GY3MC04f4OryhVxcX565CVnY3Dnn4',
  'content-length': '37',
  date: 'Wed, 19 Dec 2018 17:44:08 GMT',
  server: 'UploadServer',
  'content-type': 'text/html; charset=UTF-8',
  'alt-svc': 'quic=":443"; ma=2592000; v="44,43,39,35"',
  connection: 'close' } Couldn't process request (status=400)
[debug] [2018-12-19T17:44:08.814Z] [uploadQueue] Retries exhausted for task 155526521e9f46052074cc18cd0a956f7d74f55fe5a5d2656375b2a8433eb469 :
[debug] [2018-12-19T17:44:09.495Z] [uploadQueue] Retrying task 44c48dfbe26d356537535fde4bc6e5a3236651d07b5a0bacdbcbbeb060bf45c6
[debug] [2018-12-19T17:44:09.667Z] [hosting][upload] project-management-with-google-sheets-free-template.html (2d5e7783d15aecce592db162ea2a66831092f86b693e295cf88327d8ee262aed) HTTP ERROR 400 : { 'x-guploader-uploadid': 'AEnB2Uor8HZJqpzHl3gVZpmjRSTydSav4_ro1n4QvHZV9RuhiJFzCUOcNdF5KKS2A8mz9QRXldgiBZXVFfO5fmr-3k_WimuiQg',
  'content-length': '37',
  date: 'Wed, 19 Dec 2018 17:44:09 GMT',
  server: 'UploadServer',
  'content-type': 'text/html; charset=UTF-8',
  'alt-svc': 'quic=":443"; ma=2592000; v="44,43,39,35"',
  connection: 'close' } Couldn't process request (status=400)
[debug] [2018-12-19T17:44:09.668Z] [uploadQueue] Retries exhausted for task 2d5e7783d15aecce592db162ea2a66831092f86b693e295cf88327d8ee262aed :
[debug] [2018-12-19T17:44:09.820Z] Error: Unexpected error while uploading file.
    at Request._callback (/usr/lib/node_modules/firebase-tools/lib/deploy/hosting/uploader.js:241:31)
    at Request.self.callback (/usr/lib/node_modules/firebase-tools/node_modules/request/request.js:185:22)
    at emitTwo (events.js:126:13)
    at Request.emit (events.js:214:7)
    at Request.<anonymous> (/usr/lib/node_modules/firebase-tools/node_modules/request/request.js:1161:10)
    at emitOne (events.js:116:13)
    at Request.emit (events.js:211:7)
    at IncomingMessage.<anonymous> (/usr/lib/node_modules/firebase-tools/node_modules/request/request.js:1083:12)
    at Object.onceWrapper (events.js:313:30)
    at emitNone (events.js:111:20)
[error] 
[error] Error: An unexpected error has occurred.
[debug] [2018-12-19T17:44:09.859Z] [hosting][upload] index.html (44c48dfbe26d356537535fde4bc6e5a3236651d07b5a0bacdbcbbeb060bf45c6) HTTP ERROR 400 : { 'x-guploader-uploadid': 'AEnB2UoVbB8uj0ZImf2x000YE6JGJk_0t3AS72tF8c-aL7oONcsusTiP8ZaYzfH4X00zCG0F94_KxQyURAP7r1OzZhfMcxdkvklOqvzVKjJ6BuX9dSDHztE',
  'content-length': '37',
  date: 'Wed, 19 Dec 2018 17:44:09 GMT',
  server: 'UploadServer',
  'content-type': 'text/html; charset=UTF-8',
  'alt-svc': 'quic=":443"; ma=2592000; v="44,43,39,35"',
  connection: 'close' } Couldn't process request (status=400)
[debug] [2018-12-19T17:44:09.860Z] [uploadQueue] Retries exhausted for task 44c48dfbe26d356537535fde4bc6e5a3236651d07b5a0bacdbcbbeb060bf45c6 :
[debug] [2018-12-19T17:44:09.864Z] [hosting][upload] 404.html (3db0b7b1819109ace771119a201f1d7522fa881534302d8bf4e8bee220b106c9) HTTP ERROR 400 : { 'x-guploader-uploadid': 'AEnB2UqPAppva78rUQ7ua-IwFvIqJFJqqIftZFQd4ScYzOKA5mYipxS6jByJ60Sr3MQbJMZYdKzW5xwzl2QWm_0VY3nmassgqA',
  'content-length': '37',
  date: 'Wed, 19 Dec 2018 17:44:09 GMT',
  server: 'UploadServer',
  'content-type': 'text/html; charset=UTF-8',
  'alt-svc': 'quic=":443"; ma=2592000; v="44,43,39,35"',
  connection: 'close' } Couldn't process request (status=400)
[debug] [2018-12-19T17:44:09.865Z] [uploadQueue] Retries exhausted for task 3db0b7b1819109ace771119a201f1d7522fa881534302d8bf4e8bee220b106c9 :
